mode: set
socialapi/workers/payment/email.go:32.63,34.21 2 1
socialapi/workers/payment/email.go:41.2,41.53 1 1
socialapi/workers/payment/email.go:35.2,36.20 1 1
socialapi/workers/payment/email.go:37.2,38.12 1 0
socialapi/workers/payment/plan.go:95.33,96.35 1 1
socialapi/workers/payment/plan.go:111.2,111.12 1 1
socialapi/workers/payment/plan.go:96.35,98.54 2 1
socialapi/workers/payment/plan.go:102.3,102.55 1 0
socialapi/workers/payment/plan.go:98.54,99.12 1 1
socialapi/workers/payment/plan.go:102.55,103.55 1 0
socialapi/workers/payment/plan.go:107.4,107.14 1 0
socialapi/workers/payment/plan.go:103.55,104.13 1 0
socialapi/workers/payment/plan.go:114.44,118.2 3 0
socialapi/workers/payment/stripe.go:21.53,23.8 2 0
socialapi/workers/payment/stripe.go:27.2,27.45 1 0
socialapi/workers/payment/stripe.go:23.8,25.3 1 0
socialapi/workers/payment/subscription.go:10.72,12.16 2 0
socialapi/workers/payment/subscription.go:16.2,16.41 1 0
socialapi/workers/payment/subscription.go:20.2,20.55 1 0
socialapi/workers/payment/subscription.go:12.16,14.3 1 0
socialapi/workers/payment/subscription.go:16.41,18.3 1 0
socialapi/workers/payment/subscription.go:23.98,25.16 2 0
socialapi/workers/payment/subscription.go:29.2,29.41 1 0
socialapi/workers/payment/subscription.go:33.2,33.55 1 0
socialapi/workers/payment/subscription.go:25.16,27.3 1 0
socialapi/workers/payment/subscription.go:29.41,31.3 1 0
socialapi/workers/payment/subscription.go:36.69,38.16 2 0
socialapi/workers/payment/subscription.go:42.2,42.41 1 0
socialapi/workers/payment/subscription.go:46.2,46.52 1 0
socialapi/workers/payment/subscription.go:38.16,40.3 1 0
socialapi/workers/payment/subscription.go:42.41,44.3 1 0
socialapi/workers/payment/subscription.go:49.98,51.16 2 0
socialapi/workers/payment/subscription.go:55.2,56.16 2 0
socialapi/workers/payment/subscription.go:60.2,68.16 1 0
socialapi/workers/payment/subscription.go:72.2,72.17 1 0
socialapi/workers/payment/subscription.go:51.16,53.3 1 0
socialapi/workers/payment/subscription.go:56.16,58.3 1 0
socialapi/workers/payment/subscription.go:68.16,70.3 1 0
socialapi/workers/payment/webhook_handler.go:16.47,20.16 3 1
socialapi/workers/payment/webhook_handler.go:24.2,27.66 3 1
socialapi/workers/payment/webhook_handler.go:20.16,22.3 1 0
socialapi/workers/payment/webhook_handler.go:30.44,34.16 3 1
socialapi/workers/payment/webhook_handler.go:38.2,41.66 3 1
socialapi/workers/payment/webhook_handler.go:34.16,36.3 1 0
socialapi/workers/payment/webhook_handler.go:44.66,47.2 2 1
socialapi/workers/payment/webhook_handler.go:49.59,53.16 3 0
socialapi/workers/payment/webhook_handler.go:57.2,59.62 2 0
socialapi/workers/payment/webhook_handler.go:53.16,55.3 1 0
socialapi/workers/payment/webhook_handler.go:62.59,66.16 3 0
socialapi/workers/payment/webhook_handler.go:70.2,72.62 2 0
socialapi/workers/payment/webhook_handler.go:66.16,68.3 1 0
socialapi/workers/payment/webhook_handler.go:75.59,79.16 3 0
socialapi/workers/payment/webhook_handler.go:83.2,85.62 2 0
socialapi/workers/payment/webhook_handler.go:79.16,81.3 1 0
socialapi/workers/payment/webhook_handler.go:88.64,92.16 3 0
socialapi/workers/payment/webhook_handler.go:96.2,98.62 2 0
socialapi/workers/payment/webhook_handler.go:92.16,94.3 1 0
socialapi/workers/payment/webhook_handler.go:101.46,105.16 3 0
socialapi/workers/payment/webhook_handler.go:109.2,109.12 1 0
socialapi/workers/payment/webhook_handler.go:105.16,107.3 1 0
socialapi/workers/payment/webhook_handler.go:112.52,116.16 3 0
socialapi/workers/payment/webhook_handler.go:120.2,120.42 1 0
socialapi/workers/payment/webhook_handler.go:116.16,118.3 1 0
socialapi/workers/payment/webhook_handler.go:123.55,127.16 3 0
socialapi/workers/payment/webhook_handler.go:131.2,131.42 1 0
socialapi/workers/payment/webhook_handler.go:127.16,129.3 1 0
socialapi/workers/payment/webhook_handler.go:134.62,136.16 2 0
socialapi/workers/payment/webhook_handler.go:140.2,140.25 1 0
socialapi/workers/payment/webhook_handler.go:146.2,152.16 4 0
socialapi/workers/payment/webhook_handler.go:156.2,163.16 1 0
socialapi/workers/payment/webhook_handler.go:167.2,168.66 2 0
socialapi/workers/payment/webhook_handler.go:136.16,138.3 1 0
socialapi/workers/payment/webhook_handler.go:140.25,144.3 2 0
socialapi/workers/payment/webhook_handler.go:152.16,154.3 1 0
socialapi/workers/payment/webhook_handler.go:163.16,165.3 1 0
socialapi/workers/payment/webhook_handler.go:171.102,173.16 2 1
socialapi/workers/payment/webhook_handler.go:177.2,177.20 1 1
socialapi/workers/payment/webhook_handler.go:181.2,181.33 1 1
socialapi/workers/payment/webhook_handler.go:185.2,194.25 2 1
socialapi/workers/payment/webhook_handler.go:173.16,175.3 1 0
socialapi/workers/payment/webhook_handler.go:177.20,179.3 1 0
socialapi/workers/payment/webhook_handler.go:181.33,183.3 1 1
socialapi/workers/payment/card.go:11.71,14.16 2 0
socialapi/workers/payment/card.go:18.2,18.37 1 0
socialapi/workers/payment/card.go:22.2,22.52 1 0
socialapi/workers/payment/card.go:14.16,16.3 1 0
socialapi/workers/payment/card.go:18.37,20.3 1 0
socialapi/workers/payment/card.go:25.64,27.16 2 0
socialapi/workers/payment/card.go:31.2,33.47 2 0
socialapi/workers/payment/card.go:27.16,29.3 1 0
socialapi/workers/payment/customer.go:17.53,19.16 2 1
socialapi/workers/payment/customer.go:23.2,23.37 1 1
socialapi/workers/payment/customer.go:27.2,27.66 1 1
socialapi/workers/payment/customer.go:31.2,36.3 1 1
socialapi/workers/payment/customer.go:19.16,21.3 1 0
socialapi/workers/payment/customer.go:23.37,25.3 1 0
socialapi/workers/payment/customer.go:27.66,29.3 1 0
socialapi/workers/payment/customer.go:39.114,41.16 2 0
socialapi/workers/payment/customer.go:45.2,45.37 1 0
socialapi/workers/payment/customer.go:49.2,50.16 2 0
socialapi/workers/payment/customer.go:54.2,54.59 1 0
socialapi/workers/payment/customer.go:41.16,43.3 1 0
socialapi/workers/payment/customer.go:45.37,47.3 1 0
socialapi/workers/payment/customer.go:50.16,52.3 1 0
socialapi/workers/payment/customer.go:57.70,59.16 2 0
socialapi/workers/payment/customer.go:63.2,63.37 1 0
socialapi/workers/payment/customer.go:67.2,67.53 1 0
socialapi/workers/payment/customer.go:59.16,61.3 1 0
socialapi/workers/payment/customer.go:63.37,65.3 1 0
socialapi/workers/payment/customer.go:70.111,73.16 2 1
socialapi/workers/payment/customer.go:77.2,78.16 2 1
socialapi/workers/payment/customer.go:82.2,83.16 2 1
socialapi/workers/payment/customer.go:87.2,94.16 1 1
socialapi/workers/payment/customer.go:98.2,98.17 1 1
socialapi/workers/payment/customer.go:73.16,75.3 1 0
socialapi/workers/payment/customer.go:78.16,80.3 1 0
socialapi/workers/payment/customer.go:83.16,85.3 1 0
socialapi/workers/payment/customer.go:94.16,96.3 1 0
socialapi/workers/payment/customer.go:101.46,103.31 2 1
socialapi/workers/payment/customer.go:107.2,107.12 1 0
socialapi/workers/payment/customer.go:103.31,105.3 1 1
socialapi/workers/payment/customer.go:110.117,111.16 1 1
socialapi/workers/payment/customer.go:115.2,116.16 2 1
socialapi/workers/payment/customer.go:120.2,120.20 1 1
socialapi/workers/payment/customer.go:123.2,123.21 1 1
socialapi/workers/payment/customer.go:127.2,127.28 1 1
socialapi/workers/payment/customer.go:130.2,133.17 3 1
socialapi/workers/payment/customer.go:111.16,113.3 1 0
socialapi/workers/payment/customer.go:116.16,118.3 1 0
socialapi/workers/payment/customer.go:120.20,122.3 1 1
socialapi/workers/payment/customer.go:123.21,125.3 1 1
socialapi/workers/payment/customer.go:127.28,129.3 1 1
